Performing C++ SOURCE FILE Test CMAKE_HAVE_LIBC_PTHREAD failed with the following output:
Change Dir: /home/victoria/Computerized_Alcoholism/Database/build-Database-Debug/CMakeFiles/CMakeTmp

Run Build Command(s):/usr/bin/make cmTC_1cb91/fast && /usr/bin/make -f CMakeFiles/cmTC_1cb91.dir/build.make CMakeFiles/cmTC_1cb91.dir/build
make[1]: Entering directory '/home/victoria/Computerized_Alcoholism/Database/build-Database-Debug/CMakeFiles/CMakeTmp'
Building CXX object CMakeFiles/cmTC_1cb91.dir/src.cxx.o
/usr/bin/g++    -DCMAKE_HAVE_LIBC_PTHREAD   -o CMakeFiles/cmTC_1cb91.dir/src.cxx.o -c /home/victoria/Computerized_Alcoholism/Database/build-Database-Debug/CMakeFiles/CMakeTmp/src.cxx
Linking CXX executable cmTC_1cb91
/usr/bin/cmake -E cmake_link_script CMakeFiles/cmTC_1cb91.dir/link.txt --verbose=1
/usr/bin/g++   -DCMAKE_HAVE_LIBC_PTHREAD    CMakeFiles/cmTC_1cb91.dir/src.cxx.o  -o cmTC_1cb91 
/usr/bin/ld: CMakeFiles/cmTC_1cb91.dir/src.cxx.o: in function `main':
src.cxx:(.text+0x46): undefined reference to `pthread_create'
/usr/bin/ld: src.cxx:(.text+0x52): undefined reference to `pthread_detach'
/usr/bin/ld: src.cxx:(.text+0x63): undefined reference to `pthread_join'
collect2: error: ld returned 1 exit status
make[1]: *** [CMakeFiles/cmTC_1cb91.dir/build.make:87: cmTC_1cb91] Error 1
make[1]: Leaving directory '/home/victoria/Computerized_Alcoholism/Database/build-Database-Debug/CMakeFiles/CMakeTmp'
make: *** [Makefile:121: cmTC_1cb91/fast] Error 2


Source file was:
#include <pthread.h>

void* test_func(void* data)
{
  return data;
}

int main(void)
{
  pthread_t thread;
  pthread_create(&thread, NULL, test_func, NULL);
  pthread_detach(thread);
  pthread_join(thread, NULL);
  pthread_atfork(NULL, NULL, NULL);
  pthread_exit(NULL);

  return 0;
}

Determining if the function pthread_create exists in the pthreads failed with the following output:
Change Dir: /home/victoria/Computerized_Alcoholism/Database/build-Database-Debug/CMakeFiles/CMakeTmp

Run Build Command(s):/usr/bin/make cmTC_9135d/fast && /usr/bin/make -f CMakeFiles/cmTC_9135d.dir/build.make CMakeFiles/cmTC_9135d.dir/build
make[1]: Entering directory '/home/victoria/Computerized_Alcoholism/Database/build-Database-Debug/CMakeFiles/CMakeTmp'
Building CXX object CMakeFiles/cmTC_9135d.dir/CheckFunctionExists.cxx.o
/usr/bin/g++    -DCHECK_FUNCTION_EXISTS=pthread_create   -o CMakeFiles/cmTC_9135d.dir/CheckFunctionExists.cxx.o -c /home/victoria/Computerized_Alcoholism/Database/build-Database-Debug/CMakeFiles/CheckLibraryExists/CheckFunctionExists.cxx
Linking CXX executable cmTC_9135d
/usr/bin/cmake -E cmake_link_script CMakeFiles/cmTC_9135d.dir/link.txt --verbose=1
/usr/bin/g++   -DCHECK_FUNCTION_EXISTS=pthread_create    CMakeFiles/cmTC_9135d.dir/CheckFunctionExists.cxx.o  -o cmTC_9135d  -lpthreads 
/usr/bin/ld: cannot find -lpthreads
collect2: error: ld returned 1 exit status
make[1]: *** [CMakeFiles/cmTC_9135d.dir/build.make:87: cmTC_9135d] Error 1
make[1]: Leaving directory '/home/victoria/Computerized_Alcoholism/Database/build-Database-Debug/CMakeFiles/CMakeTmp'
make: *** [Makefile:121: cmTC_9135d/fast] Error 2



